<?xml version="1.0" encoding="UTF-8" ?>
<testsuite failures="0" time="20.783" errors="0" skipped="0" tests="6" name="org.zengsource.weixin.manager.web.WeixinControllerTest">
  <properties>
    <property name="java.runtime.name" value="Java(TM) SE Runtime Environment"/>
    <property name="sun.boot.library.path" value="D:\Development\Java\jdk1.7.0_25_x86\jre\bin"/>
    <property name="java.vm.version" value="23.25-b01"/>
    <property name="java.vm.vendor" value="Oracle Corporation"/>
    <property name="java.vendor.url" value="http://java.oracle.com/"/>
    <property name="path.separator" value=";"/>
    <property name="guice.disable.misplaced.annotation.check" value="true"/>
    <property name="java.vm.name" value="Java HotSpot(TM) 64-Bit Server VM"/>
    <property name="file.encoding.pkg" value="sun.io"/>
    <property name="user.script" value=""/>
    <property name="user.country" value="US"/>
    <property name="sun.java.launcher" value="SUN_STANDARD"/>
    <property name="sun.os.patch.level" value=""/>
    <property name="java.vm.specification.name" value="Java Virtual Machine Specification"/>
    <property name="user.dir" value="E:\sourcecode\workspace-sts-3.4.0.RELEASE\zengsource-weixin-manager"/>
    <property name="java.runtime.version" value="1.7.0_25-b17"/>
    <property name="java.awt.graphicsenv" value="sun.awt.Win32GraphicsEnvironment"/>
    <property name="java.endorsed.dirs" value="D:\Development\Java\jdk1.7.0_25_x86\jre\lib\endorsed"/>
    <property name="os.arch" value="amd64"/>
    <property name="java.io.tmpdir" value="C:\Users\SHAONI~1\AppData\Local\Temp\"/>
    <property name="line.separator" value="
"/>
    <property name="java.vm.specification.vendor" value="Oracle Corporation"/>
    <property name="user.variant" value=""/>
    <property name="os.name" value="Windows 8"/>
    <property name="classworlds.conf" value="E:\sourcecode\workspace-sts-3.4.0.RELEASE\.metadata\.plugins\org.eclipse.m2e.launching\launches\m2conf4302592494264870263.tmp"/>
    <property name="sun.jnu.encoding" value="GBK"/>
    <property name="java.library.path" value="D:\Development\Java\jdk1.7.0_25_x86\bin;C:\Windows\Sun\Java\bin;C:\Windows\system32;C:\Windows;D:\Development\Sencha\Cmd\3.1.2.342;C:\Windows\system32;C:\Windows;C:\Windows\System32\Wbem;C:\Windows\System32\WindowsPowerShell\v1.0\;D:\Program Files (x86)\QuickTime\QTSystem\;D:\Development\MySQL\MySQL Utilities 1.3.4\;D:\Program Files\Lenovo\Bluetooth Software\;D:\Program Files\Lenovo\Bluetooth Software\syswow64;D:\Development\NodeJS\;D:\Development\Git\cmd;D:\Development\Ruby193\bin;C:\Users\Shaoning Zeng\AppData\Roaming\npm;D:\Development\apache-maven-3.1.0\bin;;."/>
    <property name="java.specification.name" value="Java Platform API Specification"/>
    <property name="java.class.version" value="51.0"/>
    <property name="sun.management.compiler" value="HotSpot 64-Bit Tiered Compilers"/>
    <property name="os.version" value="6.2"/>
    <property name="user.home" value="C:\Users\Shaoning Zeng"/>
    <property name="user.timezone" value="Asia/Shanghai"/>
    <property name="java.awt.printerjob" value="sun.awt.windows.WPrinterJob"/>
    <property name="java.specification.version" value="1.7"/>
    <property name="file.encoding" value="UTF-8"/>
    <property name="user.name" value="Shaoning Zeng"/>
    <property name="java.class.path" value="/D:/Development/springsource/sts-3.4.0.RELEASE/configuration/org.eclipse.osgi/bundles/1529/1/.cp/jars/plexus-classworlds-2.4.jar"/>
    <property name="java.vm.specification.version" value="1.7"/>
    <property name="sun.arch.data.model" value="64"/>
    <property name="java.home" value="D:\Development\Java\jdk1.7.0_25_x86\jre"/>
    <property name="sun.java.command" value="org.codehaus.plexus.classworlds.launcher.Launcher -B -s D:\Development\apache-maven-3.1.0\conf\settings.xml install"/>
    <property name="java.specification.vendor" value="Oracle Corporation"/>
    <property name="user.language" value="en"/>
    <property name="awt.toolkit" value="sun.awt.windows.WToolkit"/>
    <property name="java.vm.info" value="mixed mode"/>
    <property name="java.version" value="1.7.0_25"/>
    <property name="java.ext.dirs" value="D:\Development\Java\jdk1.7.0_25_x86\jre\lib\ext;C:\Windows\Sun\Java\lib\ext"/>
    <property name="sun.boot.class.path" value="D:\Development\Java\jdk1.7.0_25_x86\jre\lib\resources.jar;D:\Development\Java\jdk1.7.0_25_x86\jre\lib\rt.jar;D:\Development\Java\jdk1.7.0_25_x86\jre\lib\sunrsasign.jar;D:\Development\Java\jdk1.7.0_25_x86\jre\lib\jsse.jar;D:\Development\Java\jdk1.7.0_25_x86\jre\lib\jce.jar;D:\Development\Java\jdk1.7.0_25_x86\jre\lib\charsets.jar;D:\Development\Java\jdk1.7.0_25_x86\jre\lib\jfr.jar;D:\Development\Java\jdk1.7.0_25_x86\jre\classes"/>
    <property name="java.vendor" value="Oracle Corporation"/>
    <property name="maven.home" value="E:\sourcecode\workspace-sts-3.4.0.RELEASE\zengsource-weixin-manager\EMBEDDED"/>
    <property name="file.separator" value="\"/>
    <property name="java.vendor.url.bug" value="http://bugreport.sun.com/bugreport/"/>
    <property name="maven.bootclasspath" value="/D:/Development/springsource/sts-3.4.0.RELEASE/configuration/org.eclipse.osgi/bundles/1529/1/.cp/jars/plexus-classworlds-2.4.jar"/>
    <property name="sun.cpu.endian" value="little"/>
    <property name="sun.io.unicode.encoding" value="UnicodeLittle"/>
    <property name="sun.desktop" value="windows"/>
    <property name="sun.cpu.isalist" value="amd64"/>
  </properties>
  <testcase time="10.193" classname="org.zengsource.weixin.manager.web.WeixinControllerTest" name="test_doPost_Subscribe"/>
  <testcase time="0.548" classname="org.zengsource.weixin.manager.web.WeixinControllerTest" name="test_doPost_Unsubscribe"/>
  <testcase time="0.19" classname="org.zengsource.weixin.manager.web.WeixinControllerTest" name="test_doPost_ReceivingMessage_Admin"/>
  <testcase time="0.345" classname="org.zengsource.weixin.manager.web.WeixinControllerTest" name="test_doPost_ReceivingMessage"/>
  <testcase time="8.68" classname="org.zengsource.weixin.manager.web.WeixinControllerTest" name="test_doPost_BindingAdmin"/>
  <testcase time="0.262" classname="org.zengsource.weixin.manager.web.WeixinControllerTest" name="test_doPost_SendingMessage"/>
</testsuite>